SF:lib\models\cart_item.dart
DA:12,3
DA:20,3
DA:21,12
DA:22,3
DA:23,6
DA:27,2
DA:33,2
DA:34,2
DA:35,2
DA:36,1
DA:37,2
DA:41,1
DA:43,6
LF:13
LH:13
end_of_record
SF:lib\models\product.dart
DA:16,7
DA:29,6
DA:32,1
DA:33,1
DA:34,5
DA:38,1
DA:39,1
DA:41,5
DA:48,2
DA:51,2
DA:52,4
DA:55,6
DA:56,6
DA:60,2
DA:61,4
DA:65,1
DA:66,3
DA:67,2
LF:18
LH:18
end_of_record
SF:lib\models\cart.dart
DA:8,3
DA:11,2
DA:14,2
DA:15,10
DA:19,2
DA:20,10
DA:24,6
DA:27,3
DA:30,2
DA:31,6
DA:35,1
DA:36,1
DA:37,1
DA:41,1
DA:43,5
LF:15
LH:15
end_of_record
SF:lib\models\collection.dart
DA:9,1
DA:18,0
DA:19,0
DA:20,0
DA:21,0
DA:22,0
DA:23,0
DA:24,0
DA:29,0
DA:30,0
DA:31,0
DA:32,0
DA:33,0
DA:34,0
DA:35,0
LF:15
LH:1
end_of_record
SF:lib\models\product_option.dart
DA:16,1
DA:25,0
DA:26,0
DA:27,0
DA:29,0
DA:31,0
LF:6
LH:1
end_of_record
SF:lib\repositories\firestore_cart_repository.dart
DA:17,0
DA:20,0
DA:23,0
DA:24,0
DA:25,0
DA:29,0
DA:30,0
DA:32,0
DA:33,0
DA:34,0
DA:36,0
DA:38,0
DA:39,0
DA:41,0
DA:44,0
DA:45,0
DA:47,0
DA:48,0
DA:49,0
DA:50,0
DA:51,0
DA:52,0
DA:53,0
DA:54,0
DA:55,0
DA:57,0
DA:58,0
DA:59,0
DA:62,0
DA:64,0
DA:65,0
DA:67,0
DA:68,0
DA:73,0
DA:76,0
DA:77,0
DA:80,0
DA:81,0
DA:82,0
DA:84,0
DA:86,0
DA:87,0
DA:88,0
DA:89,0
DA:90,0
DA:93,0
DA:94,0
DA:99,0
DA:102,0
DA:106,0
DA:108,0
DA:109,0
DA:110,0
DA:114,0
DA:116,0
DA:117,0
DA:119,0
DA:120,0
DA:122,0
DA:123,0
DA:124,0
DA:125,0
DA:126,0
DA:128,0
DA:133,0
DA:137,0
DA:139,0
DA:143,0
DA:145,0
DA:146,0
DA:147,0
DA:148,0
DA:153,0
DA:154,0
DA:156,0
DA:157,0
DA:158,0
DA:159,0
DA:160,0
DA:161,0
DA:162,0
DA:163,0
DA:165,0
DA:166,0
DA:168,0
DA:170,0
DA:171,0
DA:173,0
DA:175,0
DA:178,0
DA:180,0
DA:185,0
DA:186,0
DA:187,0
DA:188,0
LF:95
LH:0
end_of_record
SF:lib\services\auth_service.dart
DA:13,0
DA:15,0
DA:16,0
DA:17,0
DA:21,0
DA:23,0
DA:24,0
DA:28,0
DA:31,0
DA:35,0
DA:40,0
DA:41,0
DA:47,0
DA:48,0
DA:51,0
DA:52,0
DA:53,0
DA:54,0
DA:55,0
DA:61,0
DA:66,0
DA:67,0
DA:73,0
DA:74,0
DA:77,0
DA:78,0
DA:79,0
DA:80,0
DA:81,0
DA:86,0
DA:87,0
DA:88,0
DA:89,0
DA:93,0
DA:95,0
DA:96,0
DA:97,0
DA:102,0
DA:104,0
DA:107,0
DA:108,0
DA:110,0
DA:111,0
DA:113,0
DA:114,0
DA:119,0
DA:121,0
DA:122,0
DA:126,0
DA:128,0
DA:129,0
DA:134,0
DA:135,0
DA:136,0
DA:137,0
DA:138,0
DA:139,0
DA:140,0
DA:141,0
DA:144,0
DA:148,0
DA:149,0
DA:150,0
DA:151,0
DA:152,0
DA:154,0
DA:157,0
DA:158,0
DA:163,0
DA:165,0
DA:166,0
DA:167,0
DA:169,0
DA:170,0
DA:171,0
DA:173,0
DA:174,0
DA:177,0
DA:183,0
DA:184,0
DA:185,0
DA:187,0
DA:189,0
DA:191,0
DA:193,0
DA:195,0
DA:197,0
DA:199,0
DA:202,0
LF:89
LH:0
end_of_record
SF:lib\view_models\base_view_model.dart
DA:9,6
DA:12,3
DA:14,3
DA:15,3
DA:19,3
DA:21,3
DA:23,3
DA:25,3
LF:8
LH:8
end_of_record
SF:lib\view_models\cart_view_model.dart
DA:14,2
DA:17,3
DA:20,3
DA:23,3
DA:26,3
DA:28,1
DA:29,1
DA:34,1
DA:35,1
DA:41,2
DA:42,0
DA:45,1
DA:46,0
DA:49,2
DA:50,2
DA:52,1
DA:55,1
DA:57,1
DA:58,3
DA:62,1
DA:67,2
DA:68,3
DA:69,2
DA:71,1
DA:72,4
DA:77,1
DA:78,2
DA:79,2
DA:80,2
DA:81,1
DA:82,4
DA:87,1
DA:88,2
DA:89,2
DA:90,2
DA:91,1
DA:92,4
DA:97,1
DA:98,2
DA:99,1
DA:100,2
DA:101,1
DA:102,1
DA:107,1
DA:108,1
DA:109,2
DA:110,3
DA:111,4
LF:48
LH:46
end_of_record
SF:lib\models\personalization_form.dart
DA:10,1
DA:17,1
DA:19,5
DA:26,1
DA:27,1
DA:29,1
DA:34,1
DA:35,1
DA:36,2
DA:37,3
DA:43,1
DA:44,1
DA:45,3
DA:49,1
DA:50,5
DA:54,1
DA:55,1
DA:56,1
DA:57,1
DA:59,2
DA:63,2
DA:65,2
DA:66,3
DA:69,2
DA:70,3
DA:77,1
DA:78,1
DA:80,1
DA:81,1
DA:87,1
DA:91,1
DA:94,1
DA:98,1
DA:101,1
DA:105,1
DA:109,1
LF:36
LH:36
end_of_record
SF:lib\models\personalization_option.dart
DA:11,1
DA:20,1
DA:27,1
DA:28,1
DA:29,1
DA:30,1
DA:31,1
DA:32,1
LF:8
LH:8
end_of_record
SF:lib\view_models\product_view_model.dart
DA:12,0
DA:14,0
DA:16,0
DA:21,0
DA:22,0
DA:23,0
DA:28,0
DA:29,0
DA:33,0
DA:34,0
DA:35,0
LF:11
LH:0
end_of_record
SF:lib\view_models\collection_view_model.dart
DA:17,3
DA:19,1
DA:20,1
DA:24,1
DA:25,2
DA:26,3
DA:27,3
DA:32,1
DA:34,5
DA:44,1
DA:45,1
DA:46,1
DA:48,1
DA:49,5
DA:50,1
DA:54,1
DA:55,1
LF:17
LH:17
end_of_record
SF:lib\constants\app_colors.dart
DA:23,0
LF:1
LH:0
end_of_record
SF:lib\constants\app_text_styles.dart
DA:68,0
LF:1
LH:0
end_of_record
SF:lib\models\navigation_item.dart
DA:39,2
DA:48,8
LF:2
LH:2
end_of_record
SF:lib\views\cart_view.dart
DA:10,0
DA:12,0
DA:13,0
DA:16,0
DA:20,1
DA:22,1
DA:25,1
DA:26,1
DA:27,1
DA:29,1
DA:30,0
DA:31,1
DA:32,1
DA:33,0
DA:34,1
DA:38,1
DA:39,1
DA:40,1
DA:41,1
DA:51,1
DA:52,1
DA:55,1
DA:58,1
DA:59,1
DA:61,1
DA:63,1
DA:74,1
DA:75,2
DA:76,1
DA:78,1
DA:84,5
DA:85,0
DA:86,0
DA:87,0
DA:88,0
DA:90,0
DA:91,0
DA:93,0
DA:94,0
DA:95,0
DA:99,0
DA:100,0
DA:105,1
DA:107,1
DA:108,1
DA:111,1
DA:113,1
DA:121,1
DA:122,1
DA:131,1
DA:134,1
DA:136,1
DA:137,1
DA:138,2
DA:147,1
DA:153,1
DA:154,1
DA:183,1
DA:184,1
DA:186,1
DA:187,1
DA:189,1
DA:190,1
DA:193,1
DA:205,1
DA:207,1
DA:209,1
DA:213,1
DA:214,0
DA:215,1
DA:222,1
DA:223,1
DA:247,0
DA:254,0
DA:256,0
DA:258,0
DA:259,0
DA:260,0
DA:262,0
DA:264,0
DA:266,0
DA:267,0
DA:268,0
DA:269,0
DA:273,0
DA:274,0
DA:277,0
DA:286,0
DA:287,0
DA:289,0
DA:291,0
DA:292,0
DA:301,0
DA:302,0
DA:303,0
DA:305,0
DA:306,0
DA:307,0
DA:309,0
DA:313,0
DA:314,0
DA:318,0
DA:319,0
DA:326,0
DA:329,0
DA:330,0
DA:332,0
DA:333,0
DA:334,0
DA:335,0
DA:337,0
DA:339,0
DA:340,0
DA:342,0
DA:343,0
DA:344,0
DA:353,0
DA:355,0
DA:356,0
DA:363,0
DA:365,0
DA:366,0
DA:380,0
DA:381,0
DA:384,0
DA:403,0
DA:404,0
LF:127
LH:54
end_of_record
SF:lib\widgets\shared\mobile_navigation_drawer.dart
DA:9,2
DA:11,0
DA:12,0
DA:18,0
DA:19,0
DA:20,0
DA:21,0
DA:23,0
DA:28,0
DA:29,0
DA:30,0
DA:33,0
DA:35,0
DA:37,0
DA:38,0
DA:39,0
DA:41,0
DA:56,0
DA:57,0
DA:59,0
DA:60,0
DA:61,0
DA:70,0
DA:71,0
DA:73,0
DA:75,0
DA:76,0
DA:77,0
DA:78,0
DA:79,0
DA:85,0
DA:88,0
DA:90,0
DA:91,0
DA:92,0
DA:94,0
DA:95,0
DA:96,0
DA:99,0
DA:102,0
DA:103,0
DA:108,0
DA:109,0
DA:110,0
DA:111,0
DA:112,0
DA:118,0
LF:47
LH:1
end_of_record
SF:lib\widgets\shared\shared_header.dart
DA:16,2
DA:25,0
DA:26,0
DA:29,2
DA:31,2
DA:33,2
DA:34,2
DA:36,2
DA:37,2
DA:39,2
DA:51,2
DA:54,2
DA:55,2
DA:56,2
DA:58,2
DA:59,2
DA:62,2
DA:67,1
DA:68,1
DA:69,1
DA:82,2
DA:83,2
DA:86,8
DA:88,2
DA:90,2
DA:92,2
DA:93,2
DA:106,0
DA:109,2
DA:122,0
DA:124,0
DA:129,0
DA:132,0
DA:134,0
DA:139,2
DA:140,2
DA:141,2
DA:142,2
DA:143,2
DA:144,2
DA:157,2
DA:159,2
DA:160,0
DA:163,0
DA:173,0
DA:174,0
DA:176,0
DA:192,0
DA:205,0
LF:49
LH:34
end_of_record
SF:lib\widgets\shared\shared_footer.dart
DA:8,2
DA:13,3
DA:15,3
DA:18,3
DA:21,3
DA:23,3
DA:24,6
DA:27,3
DA:28,3
DA:29,3
DA:30,0
DA:35,3
DA:36,3
DA:37,6
DA:40,3
DA:42,1
DA:48,3
DA:50,6
DA:54,3
DA:61,3
DA:62,3
DA:64,3
DA:65,3
DA:67,3
DA:69,3
DA:70,6
DA:72,6
DA:74,6
DA:76,6
DA:84,1
DA:85,1
DA:87,1
DA:89,1
DA:90,1
DA:92,1
DA:94,1
DA:96,1
DA:102,3
DA:103,3
DA:106,3
DA:117,9
DA:122,3
DA:123,3
DA:126,3
DA:137,9
DA:142,3
DA:143,3
DA:146,3
DA:157,9
DA:162,3
DA:163,3
DA:166,3
DA:177,3
DA:178,9
DA:179,3
DA:181,9
DA:183,3
DA:195,3
DA:197,3
DA:199,3
DA:207,3
DA:208,3
DA:211,3
DA:213,3
DA:214,3
DA:217,3
DA:220,3
DA:228,3
DA:231,3
DA:233,3
DA:235,3
DA:243,3
DA:244,3
DA:246,3
DA:247,3
DA:249,3
DA:251,3
DA:263,3
DA:265,3
DA:266,3
DA:272,3
DA:274,9
DA:276,3
DA:278,3
DA:280,0
DA:281,0
DA:282,3
DA:283,0
DA:284,3
DA:286,3
DA:289,3
DA:292,3
DA:293,3
DA:298,12
LF:94
LH:90
end_of_record
SF:lib\widgets\shared\dropdown_menu_widget.dart
DA:11,2
DA:17,2
DA:18,2
DA:26,2
DA:28,2
DA:29,2
DA:32,2
DA:33,2
DA:34,2
DA:37,0
DA:38,0
DA:39,0
DA:40,0
DA:42,0
DA:43,0
DA:47,0
DA:48,0
DA:50,0
DA:51,0
DA:53,0
DA:54,0
DA:55,0
DA:57,0
DA:58,0
DA:59,0
DA:60,0
DA:62,0
DA:64,0
DA:65,0
DA:69,0
DA:71,0
DA:72,0
DA:73,0
DA:75,0
DA:76,0
DA:78,0
DA:81,0
DA:82,0
DA:83,0
DA:94,0
DA:97,0
DA:98,0
DA:100,0
DA:101,0
DA:102,0
DA:103,0
DA:104,0
DA:105,0
DA:106,0
DA:109,0
DA:111,0
DA:112,0
DA:123,2
DA:125,2
DA:127,8
DA:129,2
DA:130,2
DA:131,2
DA:132,2
DA:133,4
LF:60
LH:17
end_of_record
SF:lib\widgets\shared\navigation_menu.dart
DA:11,2
DA:13,2
DA:16,2
DA:17,2
DA:18,4
DA:22,2
DA:25,2
DA:26,2
DA:28,2
DA:30,4
DA:31,2
DA:32,2
DA:45,2
DA:47,2
DA:48,2
DA:54,2
DA:56,6
DA:59,2
DA:60,0
DA:61,0
DA:62,2
DA:63,2
DA:64,4
DA:65,6
DA:70,2
DA:72,0
DA:73,0
DA:74,2
DA:75,0
DA:76,0
DA:77,0
DA:80,2
DA:85,2
DA:86,2
DA:88,2
DA:90,2
DA:91,2
DA:92,2
DA:94,2
DA:96,2
DA:97,8
DA:98,8
DA:100,2
DA:103,2
LF:44
LH:37
end_of_record
SF:lib\views\product_view.dart
DA:18,1
DA:24,1
DA:25,1
DA:32,1
DA:34,1
DA:36,2
DA:37,3
DA:38,5
DA:43,0
DA:44,0
DA:47,0
DA:51,0
DA:52,0
DA:53,0
DA:57,0
DA:58,0
DA:59,0
DA:60,0
DA:65,0
DA:66,0
DA:67,0
DA:71,0
DA:72,0
DA:75,0
DA:76,0
DA:83,0
DA:85,0
DA:86,0
DA:96,0
DA:97,0
DA:99,0
DA:100,0
DA:104,0
DA:105,0
DA:106,0
DA:107,0
DA:110,0
DA:111,0
DA:112,0
DA:113,0
DA:114,0
DA:115,0
DA:116,0
DA:118,0
DA:122,0
DA:123,0
DA:124,0
DA:125,0
DA:133,1
DA:135,1
DA:137,1
DA:138,1
DA:139,1
DA:142,1
DA:143,1
DA:144,1
DA:145,1
DA:146,0
DA:147,1
DA:148,1
DA:149,0
DA:150,1
DA:165,1
DA:166,1
DA:167,1
DA:168,0
DA:169,1
DA:170,1
DA:171,0
DA:172,1
DA:183,1
DA:184,1
DA:185,1
DA:187,1
DA:188,0
DA:189,1
DA:190,1
DA:191,0
DA:192,1
DA:196,1
DA:199,1
DA:201,1
DA:203,2
DA:204,0
DA:205,0
DA:206,0
DA:207,0
DA:222,0
DA:223,0
DA:224,0
DA:225,0
DA:226,0
DA:227,0
DA:228,0
DA:241,0
DA:242,0
DA:254,1
DA:256,2
DA:257,1
DA:260,1
DA:261,1
DA:262,1
DA:264,1
DA:265,1
DA:266,1
DA:267,1
DA:269,0
DA:270,0
DA:271,0
DA:272,0
DA:273,0
DA:276,0
DA:287,0
DA:288,0
DA:304,1
DA:307,1
DA:308,1
DA:316,1
DA:319,2
DA:320,1
DA:322,1
DA:324,1
DA:329,1
DA:331,1
DA:345,1
DA:346,1
DA:347,1
DA:349,1
DA:355,1
DA:356,1
DA:364,1
DA:365,1
DA:367,1
DA:368,1
DA:380,1
DA:381,1
DA:389,1
DA:392,1
DA:393,0
DA:394,0
DA:395,0
DA:401,1
DA:402,1
DA:411,1
DA:412,1
DA:413,2
DA:414,1
DA:416,1
DA:417,1
DA:418,1
DA:420,1
DA:423,1
DA:426,1
DA:427,2
DA:434,1
DA:436,1
DA:444,1
DA:447,1
DA:449,1
DA:451,0
DA:452,1
DA:456,1
DA:457,1
DA:470,1
DA:473,1
DA:481,1
DA:482,1
DA:483,1
LF:168
LH:97
end_of_record
SF:lib\widgets\product\product_options_selector.dart
DA:11,0
DA:18,0
DA:19,0
DA:25,0
DA:27,0
DA:29,0
DA:32,0
DA:33,0
DA:34,0
DA:36,0
DA:39,0
DA:41,0
DA:45,0
DA:47,0
DA:48,0
DA:50,0
DA:52,0
DA:56,0
DA:57,0
DA:59,0
DA:61,0
DA:63,0
DA:64,0
DA:65,0
DA:66,0
DA:73,0
DA:74,0
DA:86,0
DA:87,0
DA:88,0
DA:89,0
DA:90,0
DA:95,0
DA:96,0
DA:98,0
DA:99,0
DA:100,0
DA:102,0
DA:103,0
DA:104,0
DA:106,0
DA:108,0
DA:109,0
DA:111,0
DA:113,0
DA:114,0
DA:116,0
DA:124,0
DA:125,0
DA:128,0
DA:129,0
DA:130,0
DA:132,0
DA:133,0
DA:134,0
DA:135,0
DA:138,0
DA:140,0
DA:141,0
DA:144,0
DA:155,0
DA:160,0
DA:161,0
DA:162,0
DA:164,0
DA:166,0
DA:168,0
DA:170,0
DA:172,0
DA:174,0
DA:176,0
DA:178,0
DA:180,0
DA:181,0
LF:74
LH:0
end_of_record
SF:lib\view_models\search_view_model.dart
DA:13,3
DA:16,2
DA:19,3
DA:22,4
DA:24,1
DA:27,1
DA:28,2
DA:30,2
DA:31,2
DA:32,1
DA:36,2
DA:37,4
DA:42,1
DA:43,1
DA:44,2
DA:45,1
LF:16
LH:16
end_of_record
